Info: Starting: Create block symbol file (.bsf)
Info: qsys-generate C:\Users\Nathan\Desktop\BrickBreaker\BrickBreaker\ip\ADC.qsys --block-symbol-file --output-directory=C:\Users\Nathan\Desktop\BrickBreaker\BrickBreaker\ip\ADC --family="MAX 10" --part=10M50DAF484C7G
Progress: Loading ip/ADC.qsys
Progress: Reading input file
Progress: Adding adc_mega_0 [altera_up_avalon_adc_mega 18.0]
Progress: Parameterizing module adc_mega_0
Progress: Building connections
Progress: Parameterizing connections
Progress: Validating
Progress: Done reading input file
Info: qsys-generate succeeded.
Info: Finished: Create block symbol file (.bsf)
Info: 
Info: Starting: Create HDL design files for synthesis
Info: qsys-generate C:\Users\Nathan\Desktop\BrickBreaker\BrickBreaker\ip\ADC.qsys --synthesis=VHDL --output-directory=C:\Users\Nathan\Desktop\BrickBreaker\BrickBreaker\ip\ADC\synthesis --family="MAX 10" --part=10M50DAF484C7G
Progress: Loading ip/ADC.qsys
Progress: Reading input file
Progress: Adding adc_mega_0 [altera_up_avalon_adc_mega 18.0]
Progress: Parameterizing module adc_mega_0
Progress: Building connections
Progress: Parameterizing connections
Progress: Validating
Progress: Done reading input file
Info: ADC: Generating ADC "ADC" for QUARTUS_SYNTH
Info: adc_mega_0: Starting Generation of ADC Controller for DE-series Board
Info: adc_mega_0: C:/intelfpga_lite/18.0/ip/altera/university_program/input_output/altera_up_avalon_adc/hdl/altera_up_avalon_adv_adc.v C:/Users/Nathan/AppData/Local/Temp/alt7864_6016044277353959735.dir/0002_sopcgen/ADC_adc_mega_0.v
Info: adc_mega_0: "ADC" instantiated altera_up_avalon_adc_mega "adc_mega_0"
Info: ADC: Done "ADC" with 2 modules, 3 files
Info: qsys-generate succeeded.
Info: Finished: Create HDL design files for synthesis
