Flow report for DE10
Thu Nov 29 10:48:36 2018
Quartus Prime Version 18.0.0 Build 614 04/24/2018 SJ Lite Edition


---------------------
; Table of Contents ;
---------------------
  1. Legal Notice
  2. Flow Summary
  3. Flow Settings
  4. Flow Non-Default Global Settings
  5. Flow Elapsed Time
  6. Flow OS Summary
  7. Flow Log
  8. Flow Messages
  9. Flow Suppressed Messages



----------------
; Legal Notice ;
----------------
Copyright (C) 2018  Intel Corporation. All rights reserved.
Your use of Intel Corporation's design tools, logic functions 
and other software and tools, and its AMPP partner logic 
functions, and any output files from any of the foregoing 
(including device programming or simulation files), and any 
associated documentation or information are expressly subject 
to the terms and conditions of the Intel Program License 
Subscription Agreement, the Intel Quartus Prime License Agreement,
the Intel FPGA IP License Agreement, or other applicable license
agreement, including, without limitation, that your use is for
the sole purpose of programming logic devices manufactured by
Intel and sold by Intel or its authorized distributors.  Please
refer to the applicable agreement for further details.



+----------------------------------------------------------------------------------+
; Flow Summary                                                                     ;
+------------------------------------+---------------------------------------------+
; Flow Status                        ; Successful - Thu Nov 29 10:48:36 2018       ;
; Quartus Prime Version              ; 18.0.0 Build 614 04/24/2018 SJ Lite Edition ;
; Revision Name                      ; DE10                                        ;
; Top-level Entity Name              ; DE10                                        ;
; Family                             ; MAX 10                                      ;
; Device                             ; 10M50DAF484C7G                              ;
; Timing Models                      ; Final                                       ;
; Total logic elements               ; 2,998 / 49,760 ( 6 % )                      ;
;     Total combinational functions  ; 2,990 / 49,760 ( 6 % )                      ;
;     Dedicated logic registers      ; 1,485 / 49,760 ( 3 % )                      ;
; Total registers                    ; 1485                                        ;
; Total pins                         ; 65 / 360 ( 18 % )                           ;
; Total virtual pins                 ; 0                                           ;
; Total memory bits                  ; 0 / 1,677,312 ( 0 % )                       ;
; Embedded Multiplier 9-bit elements ; 0 / 288 ( 0 % )                             ;
; Total PLLs                         ; 1 / 4 ( 25 % )                              ;
; UFM blocks                         ; 0 / 1 ( 0 % )                               ;
; ADC blocks                         ; 0 / 2 ( 0 % )                               ;
+------------------------------------+---------------------------------------------+


+-----------------------------------------+
; Flow Settings                           ;
+-------------------+---------------------+
; Option            ; Setting             ;
+-------------------+---------------------+
; Start date & time ; 11/29/2018 10:47:20 ;
; Main task         ; Compilation         ;
; Revision Name     ; DE10                ;
+-------------------+---------------------+


+--------------------------------------------------------------------------------------------------------------------------------------------+
; Flow Non-Default Global Settings                                                                                                           ;
+-------------------------------------+-------------------------------------------------------+---------------+-------------+----------------+
; Assignment Name                     ; Value                                                 ; Default Value ; Entity Name ; Section Id     ;
+-------------------------------------+-------------------------------------------------------+---------------+-------------+----------------+
; COMPILER_SIGNATURE_ID               ; 8796760729097.154351364003024                         ; --            ; --          ; --             ;
; EDA_OUTPUT_DATA_FORMAT              ; Vhdl                                                  ; --            ; --          ; eda_simulation ;
; EDA_SIMULATION_TOOL                 ; ModelSim-Altera (VHDL)                                ; <None>        ; --          ; --             ;
; MAX_CORE_JUNCTION_TEMP              ; 85                                                    ; --            ; --          ; --             ;
; MIN_CORE_JUNCTION_TEMP              ; 0                                                     ; --            ; --          ; --             ;
; MISC_FILE                           ; ../ip/ADC/synthesis/../ADC.cmp                        ; --            ; --          ; --             ;
; MISC_FILE                           ; ../ip/ADC/synthesis/../../ADC.qsys                    ; --            ; --          ; --             ;
; MISC_FILE                           ; ../ip/pll.cmp                                         ; --            ; --          ; --             ;
; MISC_FILE                           ; ../ip/pll.ppf                                         ; --            ; --          ; --             ;
; NUM_PARALLEL_PROCESSORS             ; All                                                   ; --            ; --          ; --             ;
; OUTPUT_IO_TIMING_FAR_END_VMEAS      ; Half Signal Swing                                     ; --            ; --          ; --             ;
; OUTPUT_IO_TIMING_FAR_END_VMEAS      ; Half Signal Swing                                     ; --            ; --          ; --             ;
; OUTPUT_IO_TIMING_NEAR_END_VMEAS     ; Half Vccio                                            ; --            ; --          ; --             ;
; OUTPUT_IO_TIMING_NEAR_END_VMEAS     ; Half Vccio                                            ; --            ; --          ; --             ;
; PARTITION_COLOR                     ; -- (Not supported for targeted family)                ; --            ; --          ; Top            ;
; PARTITION_FITTER_PRESERVATION_LEVEL ; -- (Not supported for targeted family)                ; --            ; --          ; Top            ;
; PARTITION_NETLIST_TYPE              ; -- (Not supported for targeted family)                ; --            ; --          ; Top            ;
; POWER_BOARD_THERMAL_MODEL           ; None (CONSERVATIVE)                                   ; --            ; --          ; --             ;
; POWER_PRESET_COOLING_SOLUTION       ; 23 MM HEAT SINK WITH 200 LFPM AIRFLOW                 ; --            ; --          ; --             ;
; SLD_FILE                            ; ../ip/ADC/synthesis/ADC.debuginfo                     ; --            ; --          ; --             ;
; SLD_INFO                            ; QSYS_NAME ADC HAS_SOPCINFO 1 GENERATION_ID 1543504076 ; --            ; ADC         ; --             ;
; SOPCINFO_FILE                       ; ../ip/ADC/synthesis/../../ADC.sopcinfo                ; --            ; --          ; --             ;
; SYNTHESIS_ONLY_QIP                  ; On                                                    ; --            ; --          ; --             ;
+-------------------------------------+-------------------------------------------------------+---------------+-------------+----------------+


+--------------------------------------------------------------------------------------------------------------------------+
; Flow Elapsed Time                                                                                                        ;
+----------------------+--------------+-------------------------+---------------------+------------------------------------+
; Module Name          ; Elapsed Time ; Average Processors Used ; Peak Virtual Memory ; Total CPU Time (on all processors) ;
+----------------------+--------------+-------------------------+---------------------+------------------------------------+
; Analysis & Synthesis ; 00:00:21     ; 1.0                     ; 4827 MB             ; 00:00:32                           ;
; Fitter               ; 00:00:31     ; 1.2                     ; 5554 MB             ; 00:00:36                           ;
; Assembler            ; 00:00:05     ; 1.0                     ; 4706 MB             ; 00:00:04                           ;
; Timing Analyzer      ; 00:00:08     ; 1.5                     ; 4850 MB             ; 00:00:09                           ;
; EDA Netlist Writer   ; 00:00:02     ; 1.0                     ; 4689 MB             ; 00:00:02                           ;
; Total                ; 00:01:07     ; --                      ; --                  ; 00:01:23                           ;
+----------------------+--------------+-------------------------+---------------------+------------------------------------+


+------------------------------------------------------------------------------------+
; Flow OS Summary                                                                    ;
+----------------------+------------------+------------+------------+----------------+
; Module Name          ; Machine Hostname ; OS Name    ; OS Version ; Processor type ;
+----------------------+------------------+------------+------------+----------------+
; Analysis & Synthesis ; DESKTOP-EKDTFHT  ; Windows 10 ; 10.0       ; x86_64         ;
; Fitter               ; DESKTOP-EKDTFHT  ; Windows 10 ; 10.0       ; x86_64         ;
; Assembler            ; DESKTOP-EKDTFHT  ; Windows 10 ; 10.0       ; x86_64         ;
; Timing Analyzer      ; DESKTOP-EKDTFHT  ; Windows 10 ; 10.0       ; x86_64         ;
; EDA Netlist Writer   ; DESKTOP-EKDTFHT  ; Windows 10 ; 10.0       ; x86_64         ;
+----------------------+------------------+------------+------------+----------------+


------------
; Flow Log ;
------------
quartus_map --read_settings_files=on --write_settings_files=off DE10 -c DE10
quartus_fit --read_settings_files=off --write_settings_files=off DE10 -c DE10
quartus_asm --read_settings_files=off --write_settings_files=off DE10 -c DE10
quartus_sta DE10 -c DE10
quartus_eda --read_settings_files=off --write_settings_files=off DE10 -c DE10



